0 info it worked if it ends with ok
1 verbose cli [
1 verbose cli   'C:\\Program Files\\nodejs\\node.exe',
1 verbose cli   'D:\\Artur\\Documentos\\Compass\\Semana 12 - Desafio Final\\ProjetoFlexiLeaseAutos\\node_modules\\npm\\bin\\npm-cli.js',
1 verbose cli   'run',
1 verbose cli   'typeorm',
1 verbose cli   '--',
1 verbose cli   'migration:create',
1 verbose cli   'b',
1 verbose cli   'src/database/migrations',
1 verbose cli   'CarModel'
1 verbose cli ]
2 info using npm@2.15.12
3 info using node@v20.16.0
4 verbose run-script [ 'pretypeorm', 'typeorm', 'posttypeorm' ]
5 info pretypeorm projetoflexileaseautos@1.0.0
6 info typeorm projetoflexileaseautos@1.0.0
7 verbose unsafe-perm in lifecycle true
8 info projetoflexileaseautos@1.0.0 Failed to exec typeorm script
9 verbose stack Error: projetoflexileaseautos@1.0.0 typeorm: `ts-node-dev -r tsconfig-paths/register ./node_modules/typeorm/cli.js "migration:create" "b" "src/database/migrations" "CarModel"`
9 verbose stack Exit status 1
9 verbose stack     at EventEmitter.<anonymous> (D:\Artur\Documentos\Compass\Semana 12 - Desafio Final\ProjetoFlexiLeaseAutos\node_modules\npm\lib\utils\lifecycle.js:217:16)
9 verbose stack     at EventEmitter.emit (node:events:519:28)
9 verbose stack     at ChildProcess.<anonymous> (D:\Artur\Documentos\Compass\Semana 12 - Desafio Final\ProjetoFlexiLeaseAutos\node_modules\npm\lib\utils\spawn.js:24:14)
9 verbose stack     at ChildProcess.emit (node:events:519:28)
9 verbose stack     at maybeClose (node:internal/child_process:1105:16)
9 verbose stack     at ChildProcess._handle.onexit (node:internal/child_process:305:5)
10 verbose pkgid projetoflexileaseautos@1.0.0
11 verbose cwd D:\Artur\Documentos\Compass\Semana 12 - Desafio Final\ProjetoFlexiLeaseAutos
12 error Windows_NT 10.0.22631
13 error argv "C:\\Program Files\\nodejs\\node.exe" "D:\\Artur\\Documentos\\Compass\\Semana 12 - Desafio Final\\ProjetoFlexiLeaseAutos\\node_modules\\npm\\bin\\npm-cli.js" "run" "typeorm" "--" "migration:create" "b" "src/database/migrations" "CarModel"
14 error node v20.16.0
15 error npm  v2.15.12
16 error code ELIFECYCLE
17 error projetoflexileaseautos@1.0.0 typeorm: `ts-node-dev -r tsconfig-paths/register ./node_modules/typeorm/cli.js "migration:create" "b" "src/database/migrations" "CarModel"`
17 error Exit status 1
18 error Failed at the projetoflexileaseautos@1.0.0 typeorm script 'ts-node-dev -r tsconfig-paths/register ./node_modules/typeorm/cli.js "migration:create" "b" "src/database/migrations" "CarModel"'.
18 error This is most likely a problem with the projetoflexileaseautos package,
18 error not with npm itself.
18 error Tell the author that this fails on your system:
18 error     ts-node-dev -r tsconfig-paths/register ./node_modules/typeorm/cli.js "migration:create" "b" "src/database/migrations" "CarModel"
18 error You can get information on how to open an issue for this project with:
18 error     npm bugs projetoflexileaseautos
18 error Or if that isn't available, you can get their info via:
18 error
18 error     npm owner ls projetoflexileaseautos
18 error There is likely additional logging output above.
19 verbose exit [ 1, true ]
